BasicsTransformerLM(
  (token_embeddings): Embedding(vocab_size=10000, d=2560)
  (positional_encoder): RotaryEmbedding(context_length=2, dim/2=1024)
  (layers): ModuleList(
    (0-31): 32 x TransformerBlock(
      (attn): CausalMultiHeadSelfAttention(
        (q_proj): Linear(d_out=2560, d_in=2560)
        (k_proj): Linear(d_out=2560, d_in=2560)
        (v_proj): Linear(d_out=2560, d_in=2560)
        (output_proj): Linear(d_out=2560, d_in=2560)
        (positional_encoder): RotaryEmbedding(context_length=2, dim/2=1024)
      )
      (ffn): SwiGLU(
        (w1): Linear(d_out=10240, d_in=2560)
        (w2): Linear(d_out=2560, d_in=10240)
        (w3): Linear(d_out=10240, d_in=2560)
      )
      (ln1): RMSNorm(hidden_size=2560, eps=1e-05)
      (ln2): RMSNorm(hidden_size=2560, eps=1e-05)
    )
  )
  (ln_final): RMSNorm(hidden_size=2560, eps=1e-05)
  (lm_head): Linear(d_out=10000, d_in=2560)
)
Precision mode: bf16
Warming up for 5 steps...
Traceback (most recent call last):
  File "/root/CS336-assignment2-systems/cs336_systems/benchmark_nvtx.py", line 270, in <module>
    run_step(args.mode, measure=False, annotate=False)
  File "/root/CS336-assignment2-systems/cs336_systems/benchmark_nvtx.py", line 152, in run_step
    loss.backward()
  File "/root/CS336-assignment2-systems/.venv/lib/python3.12/site-packages/torch/_tensor.py", line 631, in backward
    torch.autograd.backward(
  File "/root/CS336-assignment2-systems/.venv/lib/python3.12/site-packages/torch/autograd/__init__.py", line 381, in backward
    _engine_run_backward(
  File "/root/CS336-assignment2-systems/.venv/lib/python3.12/site-packages/torch/autograd/graph.py", line 869, in _engine_run_backward
    return Variable._execution_engine.run_backward(  # Calls into the C++ engine to run the backward pass
           ^^^^^^^^^^^^^^^^^^^^^^^^^^^^^^^^^^^^^^^^^^^^^^^^^^^^^^^^^^^^^^^^^^^^^^^^^^^^^^^^^^^^^^^^^^^^^^
torch.OutOfMemoryError: CUDA out of memory. Tried to allocate 512.00 MiB. GPU 0 has a total capacity of 94.97 GiB of which 281.75 MiB is free. Including non-PyTorch memory, this process has 94.69 GiB memory in use. Of the allocated memory 92.28 GiB is allocated by PyTorch, and 1.77 GiB is reserved by PyTorch but unallocated. If reserved but unallocated memory is large try setting PYTORCH_CUDA_ALLOC_CONF=expandable_segments:True to avoid fragmentation.  See documentation for Memory Management  (https://docs.pytorch.org/docs/stable/notes/cuda.html#optimizing-memory-usage-with-pytorch-cuda-alloc-conf)
